<?xml version="1.0" encoding="UTF-8"?>
<!-- Generated by org.testng.reporters.JUnitXMLReporter -->
<testsuite hostname="JCPSIK4SY" ignored="0" name="Test" tests="1" failures="1" timestamp="22 May 2021 15:34:19 GMT" time="54.228" errors="0">
  <testcase name="executeTestScenarios" time="40.939" classname="tests.WalletHubAssignmentTest">
    <failure type="org.openqa.selenium.TimeoutException" message="Expected condition failed: waiting for visibility of element located by By.xpath: .//span[contains(@class,&amp;apos;signup-login&amp;apos;)] (tried for 30 second(s) with 500 milliseconds interval)
Build info: version: &amp;apos;3.141.59&amp;apos;, revision: &amp;apos;e82be7d358&amp;apos;, time: &amp;apos;2018-11-14T08:17:03&amp;apos;
System info: host: &amp;apos;JCPSIK4SY&amp;apos;, ip: &amp;apos;fd4f:be45:c1e8:0:a40f:c0ca:e098:8d85%en0&amp;apos;, os.name: &amp;apos;Mac OS X&amp;apos;, os.arch: &amp;apos;x86_64&amp;apos;, os.version: &amp;apos;10.15.7&amp;apos;, java.version: &amp;apos;1.8.0_202&amp;apos;
Driver info: org.openqa.selenium.chrome.ChromeDriver
Capabilities {acceptInsecureCerts: false, browserName: chrome, browserVersion: 90.0.4430.212, chrome: {chromedriverVersion: 90.0.4430.24 (4c6d850f087da..., userDataDir: /var/folders/mh/x5cj9vm15vb...}, goog:chromeOptions: {debuggerAddress: localhost:59402}, javascriptEnabled: true, networkConnectionEnabled: false, pageLoadStrategy: normal, platform: MAC, platformName: MAC, proxy: Proxy(), setWindowRect: true, strictFileInteractability: false, timeouts: {implicit: 0, pageLoad: 300000, script: 30000}, unhandledPromptBehavior: dismiss and notify, webauthn:extension:largeBlob: true, webauthn:virtualAuthenticators: true}
Session ID: 2cb032b1c23de182641eb11646ca4caf">
      <![CDATA[org.openqa.selenium.TimeoutException: Expected condition failed: waiting for visibility of element located by By.xpath: .//span[contains(@class,'signup-login')] (tried for 30 second(s) with 500 milliseconds interval)
Build info: version: '3.141.59', revision: 'e82be7d358', time: '2018-11-14T08:17:03'
System info: host: 'JCPSIK4SY', ip: 'fd4f:be45:c1e8:0:a40f:c0ca:e098:8d85%en0', os.name: 'Mac OS X', os.arch: 'x86_64', os.version: '10.15.7', java.version: '1.8.0_202'
Driver info: org.openqa.selenium.chrome.ChromeDriver
Capabilities {acceptInsecureCerts: false, browserName: chrome, browserVersion: 90.0.4430.212, chrome: {chromedriverVersion: 90.0.4430.24 (4c6d850f087da..., userDataDir: /var/folders/mh/x5cj9vm15vb...}, goog:chromeOptions: {debuggerAddress: localhost:59402}, javascriptEnabled: true, networkConnectionEnabled: false, pageLoadStrategy: normal, platform: MAC, platformName: MAC, proxy: Proxy(), setWindowRect: true, strictFileInteractability: false, timeouts: {implicit: 0, pageLoad: 300000, script: 30000}, unhandledPromptBehavior: dismiss and notify, webauthn:extension:largeBlob: true, webauthn:virtualAuthenticators: true}
Session ID: 2cb032b1c23de182641eb11646ca4caf
at org.openqa.selenium.support.ui.WebDriverWait.timeoutException(WebDriverWait.java:95)
at org.openqa.selenium.support.ui.FluentWait.until(FluentWait.java:272)
at Utility.Utility.explicitWait(Utility.java:73)
at pages.WalletHubAssignmentPage.loginToWalletHub(WalletHubAssignmentPage.java:20)
at tests.WalletHubAssignmentTest.executeTestScenarios(WalletHubAssignmentTest.java:32)
... Removed 25 stack frames]]>
    </failure>
  </testcase> <!-- executeTestScenarios -->
</testsuite> <!-- Test -->
